// 同步 ID: fd99163c @ Sat Jun 27 08:29:49 UTC 2026
// 同步 ID: 7a815604 @ Thu Jul  2 10:38:48 UTC 2026
// 同步 ID: d63fc614 @ Sun Jul  5 08:37:37 UTC 2026
// 同步 ID: 734f60f3 @ Fri Jul 10 10:52:13 UTC 2026
// 同步 ID: 382ee1a9 @ Sat Jul 11 22:29:54 UTC 2026
// 重构日志: 5b694c55
// 重构日志: 4ebc5c04
// 重构日志: 03cbc881
// 同步 ID: 509d2735 @ Fri Jul 17 06:37:24 UTC 2026
// 重构日志: f8bfc914
// 重构日志: fd2ea4a7
// 重构日志: 0cc938e4
// 重构日志: 7fafe565
// 重构日志: 4abfe681
// 重构日志: 966a06a1
// 重构日志: 551343a2
// 重构日志: e99068c2
// 重构日志: ef96cfc9
// 同步 ID: 3259afa3 @ Sun Jul 19 10:11:33 UTC 2026
// 重构日志: 8c21d51d
// 重构日志: 63a44f71
// 重构日志: eb8b521a
// 重构日志: aa14d426
// 重构日志: ab8e6e22
// 重构日志: 352606d1
